{"message":"Unauthorized request to path: /","level":"error"}
{"message":"Title is required","level":"error"}
{"message":"Title is required","level":"error"}
{"message":"bookmark with id 1b7e31e0-c3fe-41f3-adaa-2ecf92e95667 created","level":"info"}
{"message":"bookmark with id a545919e-d57a-446b-a058-14a02bc1b8df created","level":"info"}
{"message":"bookmark with id 93e99bc3-e342-46ea-888e-f50009d5874b created","level":"info"}
{"message":"bookmark with id 40c4f790-fef4-4256-9d4d-a0b3a0d247f6 created","level":"info"}
{"message":"Invalid rating '4' supplied","level":"error"}
{"message":"Bookmark with id 40c4f790-fef4-4256-9d4d-a0b3a0d247f6 deleted.","level":"info"}
{"message":"Bookmark with id 40c4f790-fef4-4256-9d4d-a0b3a0d247f6 not found.","level":"error"}
{"message":"Unauthorized request to path: /articles","level":"error"}
{"message":"Unauthorized request to path: /bookmarks","level":"error"}
{"message":"Unauthorized request to path: /bookmarks","level":"error"}
{"message":"Unauthorized request to path: /bookmarks","level":"error"}
{"message":"Unauthorized request to path: /bookmarks","level":"error"}
{"message":"Unauthorized request to path: /bookmarks","level":"error"}
{"message":"Unauthorized request to path: /bookmarks","level":"error"}
{"message":"Unauthorized request to path: /bookmarks","level":"error"}
{"message":"Bookmark with id 123 not found.","level":"error"}
{"message":"Bookmark with id doesnt-exist not found.","level":"error"}
{"message":"title is required","level":"error"}
{"message":"url is required","level":"error"}
{"message":"rating is required","level":"error"}
{"message":"Invalid rating 'invalid' supplied","level":"error"}
{"message":"Invalid url 'htp://invalid-url' supplied","level":"error"}
{"message":"bookmark with id c8f66b72-e9c3-43fc-a860-0e54189497d4 created","level":"info"}
{"message":"Unauthorized request to path: /bookmarks","level":"error"}
{"message":"Unauthorized request to path: /bookmarks","level":"error"}
{"message":"Unauthorized request to path: /bookmarks/91955ed3-f600-474b-8768-c72b47263d46","level":"error"}
{"message":"Unauthorized request to path: /bookmarks/91955ed3-f600-474b-8768-c72b47263d46","level":"error"}
{"message":"Bookmark with id 123 not found.","level":"error"}
{"message":"Bookmark with id 91955ed3-f600-474b-8768-c72b47263d46 deleted.","level":"info"}
{"message":"Bookmark with id doesnt-exist not found.","level":"error"}
{"message":"title is required","level":"error"}
{"message":"url is required","level":"error"}
{"message":"rating is required","level":"error"}
{"message":"Invalid rating 'invalid' supplied","level":"error"}
{"message":"Invalid url 'htp://invalid-url' supplied","level":"error"}
{"message":"bookmark with id 71b40403-7013-4518-8048-97434c334d87 created","level":"info"}
{"message":"Unauthorized request to path: /bookmarks","level":"error"}
{"message":"Unauthorized request to path: /bookmarks","level":"error"}
{"message":"Unauthorized request to path: /bookmarks/bfc610d0-f3a0-463a-b966-e394446bfcf5","level":"error"}
{"message":"Unauthorized request to path: /bookmarks/bfc610d0-f3a0-463a-b966-e394446bfcf5","level":"error"}
{"message":"Bookmark with id 123 not found.","level":"error"}
{"message":"Bookmark with id bfc610d0-f3a0-463a-b966-e394446bfcf5 deleted.","level":"info"}
{"message":"Bookmark with id doesnt-exist not found.","level":"error"}
{"message":"title is required","level":"error"}
{"message":"url is required","level":"error"}
{"message":"rating is required","level":"error"}
{"message":"Invalid rating 'invalid' supplied","level":"error"}
{"message":"Invalid url 'htp://invalid-url' supplied","level":"error"}
{"message":"bookmark with id edb4a8e5-fa77-4a11-b0d5-a21fda36505a created","level":"info"}
{"message":"Unauthorized request to path: /bookmarks","level":"error"}
{"message":"Unauthorized request to path: /bookmarks","level":"error"}
{"message":"Unauthorized request to path: /bookmarks/eeb6c6dc-4604-45f5-bef6-40e495e91031","level":"error"}
{"message":"Unauthorized request to path: /bookmarks/eeb6c6dc-4604-45f5-bef6-40e495e91031","level":"error"}
{"message":"Bookmark with id 123 not found.","level":"error"}
{"message":"Bookmark with id eeb6c6dc-4604-45f5-bef6-40e495e91031 deleted.","level":"info"}
{"message":"Bookmark with id doesnt-exist not found.","level":"error"}
{"message":"title is required","level":"error"}
{"message":"url is required","level":"error"}
{"message":"rating is required","level":"error"}
{"message":"Invalid rating 'invalid' supplied","level":"error"}
{"message":"Invalid url 'htp://invalid-url' supplied","level":"error"}
{"message":"bookmark with id e1ff19d0-24ad-4f40-9e1f-d31fdc930de6 created","level":"info"}
{"message":"Unauthorized request to path: /bookmarks","level":"error"}
{"message":"Unauthorized request to path: /bookmarks","level":"error"}
{"message":"Unauthorized request to path: /bookmarks/e6cbd329-8d44-4a66-9465-89a2228ef778","level":"error"}
{"message":"Unauthorized request to path: /bookmarks/e6cbd329-8d44-4a66-9465-89a2228ef778","level":"error"}
{"message":"Bookmark with id 123 not found.","level":"error"}
{"message":"Bookmark with id e6cbd329-8d44-4a66-9465-89a2228ef778 deleted.","level":"info"}
{"message":"Bookmark with id doesnt-exist not found.","level":"error"}
{"message":"title is required","level":"error"}
{"message":"url is required","level":"error"}
{"message":"rating is required","level":"error"}
{"message":"Invalid rating 'invalid' supplied","level":"error"}
{"message":"Invalid url 'htp://invalid-url' supplied","level":"error"}
{"message":"bookmark with id f2c25a38-05f1-4efe-9c03-943e8e34b26b created","level":"info"}
{"message":"Unauthorized request to path: /bookmarks","level":"error"}
{"message":"Unauthorized request to path: /bookmarks","level":"error"}
{"message":"Unauthorized request to path: /bookmarks/313137a5-4988-4d08-bba0-383b44d767e4","level":"error"}
{"message":"Unauthorized request to path: /bookmarks/313137a5-4988-4d08-bba0-383b44d767e4","level":"error"}
{"message":"Bookmark with id 123 not found.","level":"error"}
{"message":"Bookmark with id 313137a5-4988-4d08-bba0-383b44d767e4 deleted.","level":"info"}
{"message":"Bookmark with id doesnt-exist not found.","level":"error"}
{"message":"title is required","level":"error"}
{"message":"url is required","level":"error"}
{"message":"rating is required","level":"error"}
{"message":"Invalid rating 'invalid' supplied","level":"error"}
{"message":"Invalid url 'htp://invalid-url' supplied","level":"error"}
{"message":"bookmark with id 7e7a6508-c4e4-4432-a76e-25dd3427efc1 created","level":"info"}
{"message":"bookmark with id fdb4c020-90c7-4b14-8151-71be62285aaf created","level":"info"}
{"message":"Unauthorized request to path: /bookmarks","level":"error"}
{"message":"Unauthorized request to path: /bookmarks","level":"error"}
{"message":"Unauthorized request to path: /bookmarks/d17fcf00-5d6b-40dd-a78e-664339aff39b","level":"error"}
{"message":"Unauthorized request to path: /bookmarks/d17fcf00-5d6b-40dd-a78e-664339aff39b","level":"error"}
{"message":"Bookmark with id 123 not found.","level":"error"}
{"message":"Bookmark with id d17fcf00-5d6b-40dd-a78e-664339aff39b deleted.","level":"info"}
{"message":"Bookmark with id doesnt-exist not found.","level":"error"}
{"message":"title is required","level":"error"}
{"message":"url is required","level":"error"}
{"message":"rating is required","level":"error"}
{"message":"Invalid rating 'invalid' supplied","level":"error"}
{"message":"Invalid url 'htp://invalid-url' supplied","level":"error"}
{"message":"bookmark with id 15aa1cdd-4e80-4113-aefa-249658ab3ccf created","level":"info"}
{"message":"bookmark with id 0891a33a-b5b5-447a-bcd5-c34a4ea13396 created","level":"info"}
{"message":"Unauthorized request to path: /bookmarks","level":"error"}
{"message":"Unauthorized request to path: /bookmarks","level":"error"}
{"message":"Unauthorized request to path: /bookmarks/395c7647-8c8e-4c5c-a497-7332b9081f02","level":"error"}
{"message":"Unauthorized request to path: /bookmarks/395c7647-8c8e-4c5c-a497-7332b9081f02","level":"error"}
{"message":"Bookmark with id 123 not found.","level":"error"}
{"message":"Bookmark with id 395c7647-8c8e-4c5c-a497-7332b9081f02 deleted.","level":"info"}
{"message":"Bookmark with id doesnt-exist not found.","level":"error"}
{"message":"title is required","level":"error"}
{"message":"url is required","level":"error"}
{"message":"rating is required","level":"error"}
{"message":"Invalid rating 'invalid' supplied","level":"error"}
{"message":"Invalid url 'htp://invalid-url' supplied","level":"error"}
{"message":"bookmark with id 5136e4a4-45e0-4a37-a381-fe2fec485d4b created","level":"info"}
{"message":"bookmark with id 3991715d-d44a-48b3-960b-cf10832c3e44 created","level":"info"}
{"message":"Unauthorized request to path: /bookmarks","level":"error"}
{"message":"Unauthorized request to path: /bookmarks","level":"error"}
{"message":"Unauthorized request to path: /bookmarks/a3c5d66b-0e96-4990-843e-780058d4a92d","level":"error"}
{"message":"Unauthorized request to path: /bookmarks/a3c5d66b-0e96-4990-843e-780058d4a92d","level":"error"}
{"message":"Bookmark with id 123 not found.","level":"error"}
{"message":"Bookmark with id a3c5d66b-0e96-4990-843e-780058d4a92d deleted.","level":"info"}
{"message":"Bookmark with id doesnt-exist not found.","level":"error"}
{"message":"title is required","level":"error"}
{"message":"url is required","level":"error"}
{"message":"rating is required","level":"error"}
{"message":"Invalid rating 'invalid' supplied","level":"error"}
{"message":"Invalid url 'htp://invalid-url' supplied","level":"error"}
{"message":"bookmark with id 5eb47d37-010b-40fc-8066-beee6c083a3b created","level":"info"}
{"message":"bookmark with id 8b262d0b-6cf3-47e1-8183-72479caef130 created","level":"info"}
{"message":"Unauthorized request to path: /bookmarks","level":"error"}
{"message":"Unauthorized request to path: /bookmarks","level":"error"}
{"message":"Unauthorized request to path: /bookmarks/f068407e-d5d1-474f-9ae9-b75c0d7bb7e3","level":"error"}
{"message":"Unauthorized request to path: /bookmarks/f068407e-d5d1-474f-9ae9-b75c0d7bb7e3","level":"error"}
{"message":"Bookmark with id 123 not found.","level":"error"}
{"message":"Bookmark with id f068407e-d5d1-474f-9ae9-b75c0d7bb7e3 deleted.","level":"info"}
{"message":"Bookmark with id doesnt-exist not found.","level":"error"}
{"message":"title is required","level":"error"}
{"message":"url is required","level":"error"}
{"message":"rating is required","level":"error"}
{"message":"Invalid rating 'invalid' supplied","level":"error"}
{"message":"Invalid url 'htp://invalid-url' supplied","level":"error"}
{"message":"bookmark with id a82a3ac2-7527-404e-ae9d-f6177b83abb0 created","level":"info"}
{"message":"bookmark with id 39113f57-58e4-471c-9711-3eff94bba944 created","level":"info"}
{"message":"Unauthorized request to path: /bookmarks","level":"error"}
{"message":"Unauthorized request to path: /bookmarks","level":"error"}
{"message":"Unauthorized request to path: /bookmarks/ef62abaa-3bb0-4ff7-9fbb-4f7b2d0a46a3","level":"error"}
{"message":"Unauthorized request to path: /bookmarks/ef62abaa-3bb0-4ff7-9fbb-4f7b2d0a46a3","level":"error"}
{"message":"Bookmark with id 123 not found.","level":"error"}
{"message":"Bookmark with id ef62abaa-3bb0-4ff7-9fbb-4f7b2d0a46a3 deleted.","level":"info"}
{"message":"Bookmark with id doesnt-exist not found.","level":"error"}
{"message":"title is required","level":"error"}
{"message":"url is required","level":"error"}
{"message":"rating is required","level":"error"}
{"message":"Invalid rating 'invalid' supplied","level":"error"}
{"message":"Invalid url 'htp://invalid-url' supplied","level":"error"}
{"message":"bookmark with id a22a0d54-540b-4195-85fb-2525c2ca8bf8 created","level":"info"}
{"message":"bookmark with id eabf8aac-a995-4975-b5a1-0919a1fc1b96 created","level":"info"}
{"message":"Unauthorized request to path: /bookmarks","level":"error"}
{"message":"Unauthorized request to path: /bookmarks","level":"error"}
{"message":"Unauthorized request to path: /bookmarks/a0d7abff-859b-42f7-8b27-ff606479cb2d","level":"error"}
{"message":"Unauthorized request to path: /bookmarks/a0d7abff-859b-42f7-8b27-ff606479cb2d","level":"error"}
{"message":"Bookmark with id 123 not found.","level":"error"}
{"message":"Bookmark with id a0d7abff-859b-42f7-8b27-ff606479cb2d deleted.","level":"info"}
{"message":"Bookmark with id doesnt-exist not found.","level":"error"}
{"message":"title is required","level":"error"}
{"message":"url is required","level":"error"}
{"message":"rating is required","level":"error"}
{"message":"Invalid rating 'invalid' supplied","level":"error"}
{"message":"Invalid url 'htp://invalid-url' supplied","level":"error"}
{"message":"bookmark with id f417a348-b473-4814-8bd5-c632ae9ca224 created","level":"info"}
{"message":"bookmark with id c1852de0-942c-496b-bc79-7137820c0b6a created","level":"info"}
{"message":"Unauthorized request to path: /bookmarks","level":"error"}
{"message":"Unauthorized request to path: /bookmarks","level":"error"}
{"message":"Unauthorized request to path: /bookmarks/4d7d2734-dbd1-4e68-9b41-adba4bebcbca","level":"error"}
{"message":"Unauthorized request to path: /bookmarks/4d7d2734-dbd1-4e68-9b41-adba4bebcbca","level":"error"}
{"message":"Bookmark with id 123 not found.","level":"error"}
{"message":"Bookmark with id 4d7d2734-dbd1-4e68-9b41-adba4bebcbca deleted.","level":"info"}
{"message":"Bookmark with id doesnt-exist not found.","level":"error"}
{"message":"title is required","level":"error"}
{"message":"url is required","level":"error"}
{"message":"rating is required","level":"error"}
{"message":"Invalid rating 'invalid' supplied","level":"error"}
{"message":"Invalid url 'htp://invalid-url' supplied","level":"error"}
{"message":"bookmark with id 84b1069a-9730-4778-9851-07c2492e0cc0 created","level":"info"}
{"message":"bookmark with id bbd5bdc7-f1f0-4271-bf9b-7c9a7686abfd created","level":"info"}
{"message":"title is required","level":"error"}
{"message":"url is required","level":"error"}
{"message":"rating is required","level":"error"}
{"message":"Invalid rating 'invalid' supplied","level":"error"}
{"message":"Invalid url 'htp://invalid-url' supplied","level":"error"}
{"message":"bookmark with id f9d1757d-36a3-4d98-807c-8899793c6f99 created","level":"info"}
{"message":"bookmark with id 9e56fda5-0b21-41a7-bd3c-55a02ee28dfc created","level":"info"}
{"message":"title is required","level":"error"}
{"message":"url is required","level":"error"}
{"message":"rating is required","level":"error"}
{"message":"Invalid rating 'invalid' supplied","level":"error"}
{"message":"Invalid url 'htp://invalid-url' supplied","level":"error"}
{"message":"Bookmark with id 1 created.","level":"info"}
{"message":"title is required","level":"error"}
{"message":"url is required","level":"error"}
{"message":"rating is required","level":"error"}
{"message":"Invalid rating 'invalid' supplied","level":"error"}
{"message":"Invalid url 'htp://invalid-url' supplied","level":"error"}
{"message":"Bookmark with id 1 created.","level":"info"}
{"message":"Bookmark with id 1 created.","level":"info"}
{"message":"Unauthorized request to path: /","level":"error"}
{"message":"Unauthorized request to path: /bookmarks","level":"error"}
{"message":"Unauthorized request to path: /bookmarks","level":"error"}
{"message":"Unauthorized request to path: /bookmarks/b51e7866-c1bb-4538-8ae7-e0287bb25455","level":"error"}
{"message":"Unauthorized request to path: /bookmarks/b51e7866-c1bb-4538-8ae7-e0287bb25455","level":"error"}
{"message":"Bookmark with id 123 not found.","level":"error"}
{"message":"Bookmark with id b51e7866-c1bb-4538-8ae7-e0287bb25455 deleted.","level":"info"}
{"message":"Bookmark with id doesnt-exist not found.","level":"error"}
{"message":"title is required","level":"error"}
{"message":"url is required","level":"error"}
{"message":"rating is required","level":"error"}
{"message":"Invalid rating 'invalid' supplied","level":"error"}
{"message":"Invalid url 'htp://invalid-url' supplied","level":"error"}
{"message":"Bookmark with id 1 created.","level":"info"}
{"message":"Bookmark with id 1 created.","level":"info"}
{"message":"Unauthorized request to path: /bookmarks","level":"error"}
{"message":"Unauthorized request to path: /bookmarks","level":"error"}
{"message":"Unauthorized request to path: /bookmarks/002c97b2-0a15-4449-8e9e-89fa623e651e","level":"error"}
{"message":"Unauthorized request to path: /bookmarks/002c97b2-0a15-4449-8e9e-89fa623e651e","level":"error"}
{"message":"Bookmark with id 123 not found.","level":"error"}
{"message":"Bookmark with id 002c97b2-0a15-4449-8e9e-89fa623e651e deleted.","level":"info"}
{"message":"Bookmark with id doesnt-exist not found.","level":"error"}
{"message":"title is required","level":"error"}
{"message":"url is required","level":"error"}
{"message":"rating is required","level":"error"}
{"message":"Invalid rating 'invalid' supplied","level":"error"}
{"message":"Invalid url 'htp://invalid-url' supplied","level":"error"}
{"message":"Bookmark with id 1 created.","level":"info"}
{"message":"Bookmark with id 1 created.","level":"info"}
{"message":"Unauthorized request to path: /bookmarks","level":"error"}
{"message":"Unauthorized request to path: /bookmarks","level":"error"}
{"message":"Unauthorized request to path: /bookmarks/3196cbce-a63b-4579-a1b5-d6b0ca465968","level":"error"}
{"message":"Unauthorized request to path: /bookmarks/3196cbce-a63b-4579-a1b5-d6b0ca465968","level":"error"}
{"message":"Bookmark with id 123 not found.","level":"error"}
{"message":"Bookmark with id 3196cbce-a63b-4579-a1b5-d6b0ca465968 deleted.","level":"info"}
{"message":"Bookmark with id doesnt-exist not found.","level":"error"}
{"message":"title is required","level":"error"}
{"message":"url is required","level":"error"}
{"message":"rating is required","level":"error"}
{"message":"Invalid rating 'invalid' supplied","level":"error"}
{"message":"Invalid url 'htp://invalid-url' supplied","level":"error"}
{"message":"Bookmark with id 1 created.","level":"info"}
{"message":"Bookmark with id 1 created.","level":"info"}
{"message":"Unauthorized request to path: /api/bookmarks","level":"error"}
{"message":"Unauthorized request to path: /api/bookmarks","level":"error"}
{"message":"Unauthorized request to path: /api/bookmarks/82f78894-1383-444e-897c-9128fb9aefb6","level":"error"}
{"message":"Unauthorized request to path: /api/bookmarks/82f78894-1383-444e-897c-9128fb9aefb6","level":"error"}
{"message":"Bookmark with id 123 not found.","level":"error"}
{"message":"Bookmark with id 82f78894-1383-444e-897c-9128fb9aefb6 deleted.","level":"info"}
{"message":"Bookmark with id doesnt-exist not found.","level":"error"}
{"message":"title is required","level":"error"}
{"message":"url is required","level":"error"}
{"message":"rating is required","level":"error"}
{"message":"Invalid rating 'invalid' supplied","level":"error"}
{"message":"Invalid url 'htp://invalid-url' supplied","level":"error"}
{"message":"Bookmark with id 1 created.","level":"info"}
{"message":"Bookmark with id 1 created.","level":"info"}
{"message":"Unauthorized request to path: /api/bookmarks","level":"error"}
{"message":"Unauthorized request to path: /api/bookmarks","level":"error"}
{"message":"Unauthorized request to path: /api/bookmarks/3eac23d5-b68f-4eec-b34f-cd0b2fb5ab57","level":"error"}
{"message":"Unauthorized request to path: /api/bookmarks/3eac23d5-b68f-4eec-b34f-cd0b2fb5ab57","level":"error"}
{"message":"Bookmark with id 123 not found.","level":"error"}
{"message":"Bookmark with id 3eac23d5-b68f-4eec-b34f-cd0b2fb5ab57 deleted.","level":"info"}
{"message":"Bookmark with id doesnt-exist not found.","level":"error"}
{"message":"title is required","level":"error"}
{"message":"url is required","level":"error"}
{"message":"rating is required","level":"error"}
{"message":"Invalid rating 'invalid' supplied","level":"error"}
{"message":"Invalid url 'htp://invalid-url' supplied","level":"error"}
{"message":"Bookmark with id 1 created.","level":"info"}
{"message":"Bookmark with id 1 created.","level":"info"}
{"message":"Bookmark with id 4 created.","level":"info"}
{"message":"Bookmark with id 5 created.","level":"info"}
{"message":"Unauthorized request to path: /api/bookmarks","level":"error"}
{"message":"Unauthorized request to path: /api/bookmarks","level":"error"}
{"message":"Unauthorized request to path: /api/bookmarks/b57b25a1-a230-48a9-9429-0574a0d6e340","level":"error"}
{"message":"Unauthorized request to path: /api/bookmarks/b57b25a1-a230-48a9-9429-0574a0d6e340","level":"error"}
{"message":"Bookmark with id 123 not found.","level":"error"}
{"message":"Bookmark with id b57b25a1-a230-48a9-9429-0574a0d6e340 deleted.","level":"info"}
{"message":"Bookmark with id doesnt-exist not found.","level":"error"}
{"message":"title is required","level":"error"}
{"message":"url is required","level":"error"}
{"message":"rating is required","level":"error"}
{"message":"Invalid rating 'invalid' supplied","level":"error"}
{"message":"Invalid url 'htp://invalid-url' supplied","level":"error"}
{"message":"Bookmark with id 1 created.","level":"info"}
{"message":"Bookmark with id 1 created.","level":"info"}
{"message":"Unauthorized request to path: /api/bookmarks","level":"error"}
{"message":"Unauthorized request to path: /api/bookmarks","level":"error"}
{"message":"Unauthorized request to path: /api/bookmarks/15a3db7c-55b6-4ed1-81dd-36a9244584ad","level":"error"}
{"message":"Unauthorized request to path: /api/bookmarks/15a3db7c-55b6-4ed1-81dd-36a9244584ad","level":"error"}
{"message":"Bookmark with id 123 not found.","level":"error"}
{"message":"Bookmark with id 15a3db7c-55b6-4ed1-81dd-36a9244584ad deleted.","level":"info"}
{"message":"Bookmark with id doesnt-exist not found.","level":"error"}
{"message":"title is required","level":"error"}
{"message":"url is required","level":"error"}
{"message":"rating is required","level":"error"}
{"message":"Invalid rating 'invalid' supplied","level":"error"}
{"message":"Invalid url 'htp://invalid-url' supplied","level":"error"}
{"message":"Bookmark with id 1 created.","level":"info"}
{"message":"Bookmark with id 1 created.","level":"info"}
{"message":"Bookmark with id 123 not found.","level":"error"}
{"message":"Unauthorized request to path: /api/bookmarks/2","level":"error"}
{"message":"Unauthorized request to path: /api/bookmarks/2","level":"error"}
{"message":"Unauthorized request to path: /api/bookmarks/2","level":"error"}
{"message":"Bookmark with id 123 not found.","level":"error"}
{"message":"Unauthorized request to path: /api/bookmarks/2","level":"error"}
{"message":"Unauthorized request to path: /api/bookmarks/2","level":"error"}
{"message":"Unauthorized request to path: /api/bookmarks/2","level":"error"}
{"message":"Bookmark with id 123 not found.","level":"error"}
{"message":"Unauthorized request to path: /api/bookmarks/2","level":"error"}
{"message":"Unauthorized request to path: /api/bookmarks/2","level":"error"}
{"message":"Bookmark with id 123 not found.","level":"error"}
{"message":"Bookmark with id 123 not found.","level":"error"}
{"message":"Bookmark with id 123 not found.","level":"error"}
{"message":"Bookmark with id 123 not found.","level":"error"}
{"message":"Bookmark with id 123 not found.","level":"error"}
{"message":"Bookmark with id 123 not found.","level":"error"}
{"message":"Bookmark with id 2 not found.","level":"error"}
{"message":"Bookmark with id 2 not found.","level":"error"}
{"message":"Bookmark with id 2 not found.","level":"error"}
{"message":"Bookmark with id 2 not found.","level":"error"}
{"message":"Bookmark with id 123 not found.","level":"error"}
{"message":"Bookmark with id 2 not found.","level":"error"}
{"message":"Bookmark with id 2 not found.","level":"error"}
{"message":"Bookmark with id 123 not found.","level":"error"}
{"message":"Bookmark with id 2 not found.","level":"error"}
{"message":"Bookmark with id 2 not found.","level":"error"}
{"message":"Bookmark with id 123 not found.","level":"error"}
{"message":"Bookmark with id 2 not found.","level":"error"}
{"message":"Bookmark with id 2 not found.","level":"error"}
{"message":"Bookmark with id 123 not found.","level":"error"}
{"message":"Invalid rating 'undefined' supplied","level":"error"}
{"message":"Bookmark with id 2 not found.","level":"error"}
{"message":"Bookmark with id 2 not found.","level":"error"}
{"message":"Bookmark with id 123 not found.","level":"error"}
{"message":"title is required","level":"error"}
{"message":"url is required","level":"error"}
{"message":"Bookmark with id 2 not found.","level":"error"}
{"message":"Bookmark with id 2 not found.","level":"error"}
{"message":"Bookmark with id 123 not found.","level":"error"}
{"message":"Invalid rating 'undefined' supplied","level":"error"}
{"message":"Invalid rating 'undefined' supplied","level":"error"}
{"message":"Bookmark with id 2 not found.","level":"error"}
{"message":"Bookmark with id 2 not found.","level":"error"}
{"message":"Bookmark with id 123 not found.","level":"error"}
{"message":"Bookmark with id 2 not found.","level":"error"}
{"message":"Bookmark with id 2 not found.","level":"error"}
{"message":"Bookmark with id 123 not found.","level":"error"}
{"message":"Invalid rating 'undefined' supplied","level":"error"}
{"message":"Bookmark with id 2 not found.","level":"error"}
{"message":"Bookmark with id 2 not found.","level":"error"}
{"message":"Bookmark with id 123 not found.","level":"error"}
{"message":"Invalid rating 'undefined' supplied","level":"error"}
{"message":"Bookmark with id 2 not found.","level":"error"}
{"message":"Bookmark with id 2 not found.","level":"error"}
{"message":"Bookmark with id 123 not found.","level":"error"}
{"message":"Bookmark with id 2 not found.","level":"error"}
{"message":"Bookmark with id 2 not found.","level":"error"}
{"message":"Bookmark with id 123 not found.","level":"error"}
{"message":"Bookmark with id 6 created.","level":"info"}
{"message":"Invalid rating '88' supplied","level":"error"}
{"message":"Invalid url 'hts://test2.com' supplied","level":"error"}
{"message":"Invalid rating 'hi' supplied","level":"error"}
{"message":"Bookmark with id 2 not found.","level":"error"}
{"message":"Bookmark with id 2 not found.","level":"error"}
{"message":"Bookmark with id 123 not found.","level":"error"}
{"message":"Bookmark with id 3 not found.","level":"error"}
{"message":"Bookmark with id 3 not found.","level":"error"}
{"message":"Bookmark with id 123 not found.","level":"error"}
{"message":"Unauthorized request to path: /api/bookmarks","level":"error"}
{"message":"Unauthorized request to path: /api/bookmarks","level":"error"}
{"message":"Unauthorized request to path: /api/bookmarks/9be0d824-1f25-45de-b7d7-1a5982cc1aec","level":"error"}
{"message":"Unauthorized request to path: /api/bookmarks/9be0d824-1f25-45de-b7d7-1a5982cc1aec","level":"error"}
{"message":"Bookmark with id 123 not found.","level":"error"}
{"message":"title is required","level":"error"}
{"message":"url is required","level":"error"}
{"message":"rating is required","level":"error"}
{"message":"Invalid rating 'invalid' supplied","level":"error"}
{"message":"Invalid url 'htp://invalid-url' supplied","level":"error"}
{"message":"Bookmark with id 1 created.","level":"info"}
{"message":"Bookmark with id 1 created.","level":"info"}
{"message":"Bookmark with id 3 not found.","level":"error"}
{"message":"Bookmark with id 3 not found.","level":"error"}
{"message":"Bookmark with id 123 not found.","level":"error"}
{"message":"Unauthorized request to path: /api/bookmarks","level":"error"}
{"message":"Unauthorized request to path: /api/bookmarks","level":"error"}
{"message":"Unauthorized request to path: /api/bookmarks/9fa1c5cf-ed5d-41a2-adf3-15989941f77c","level":"error"}
{"message":"Unauthorized request to path: /api/bookmarks/9fa1c5cf-ed5d-41a2-adf3-15989941f77c","level":"error"}
{"message":"Bookmark with id 123 not found.","level":"error"}
{"message":"title is required","level":"error"}
{"message":"url is required","level":"error"}
{"message":"rating is required","level":"error"}
{"message":"Invalid rating 'invalid' supplied","level":"error"}
{"message":"Invalid url 'htp://invalid-url' supplied","level":"error"}
{"message":"Bookmark with id 1 created.","level":"info"}
{"message":"Bookmark with id 1 created.","level":"info"}
{"message":"Bookmark with id 123 not found.","level":"error"}
{"message":"Unauthorized request to path: /api/bookmarks","level":"error"}
{"message":"Unauthorized request to path: /api/bookmarks","level":"error"}
{"message":"Unauthorized request to path: /api/bookmarks/752c8454-318a-488a-993c-0cb41e83f99b","level":"error"}
{"message":"Unauthorized request to path: /api/bookmarks/752c8454-318a-488a-993c-0cb41e83f99b","level":"error"}
{"message":"Bookmark with id 123 not found.","level":"error"}
{"message":"Bookmark with id 123 not found.","level":"error"}
{"message":"title is required","level":"error"}
{"message":"url is required","level":"error"}
{"message":"rating is required","level":"error"}
{"message":"Invalid rating 'invalid' supplied","level":"error"}
{"message":"Invalid url 'htp://invalid-url' supplied","level":"error"}
{"message":"Bookmark with id 1 created.","level":"info"}
{"message":"Bookmark with id 1 created.","level":"info"}
{"message":"Bookmark with id 123 not found.","level":"error"}
{"message":"Unauthorized request to path: /api/bookmarks","level":"error"}
{"message":"Unauthorized request to path: /api/bookmarks","level":"error"}
{"message":"Unauthorized request to path: /api/bookmarks/2","level":"error"}
{"message":"Unauthorized request to path: /api/bookmarks/2","level":"error"}
{"message":"Unauthorized request to path: /api/bookmarks/2","level":"error"}
{"message":"Bookmark with id 123 not found.","level":"error"}
{"message":"Bookmark with id 123 not found.","level":"error"}
{"message":"title is required","level":"error"}
{"message":"url is required","level":"error"}
{"message":"rating is required","level":"error"}
{"message":"Invalid rating 'invalid' supplied","level":"error"}
{"message":"Invalid url 'htp://invalid-url' supplied","level":"error"}
{"message":"Bookmark with id 1 created.","level":"info"}
{"message":"Bookmark with id 1 created.","level":"info"}
{"message":"Bookmark with id 123 not found.","level":"error"}
